Build started 12/07/2019 7:08:58 AM.
     1>Project "C:\Users\Admin\Desktop\bt\BTH_CHUONG_2\BTH_CHUONG_2.vcxproj" on node 2 (build target(s)).
     1>InitializeBuildStatus:
         Creating "Debug\BTH_CHUONG_2.unsuccessfulbuild" because "AlwaysCreate" was specified.
       ClCompile:
         C:\Program Files (x86)\Microsoft Visual Studio 10.0\VC\bin\CL.exe /c /ZI /nologo /W3 /WX- /Od /Oy- /D _MBCS /Gm /EHsc /RTC1 /MDd /GS /fp:precise /Zc:wchar_t /Zc:forScope /Fo"Debug\\" /Fd"Debug\vc100.pdb" /Gd /TP /analyze- /errorReport:prompt Bai01.cpp Bai02.cpp Bai03.cpp Bai04.cpp Bai05.cpp Bai06.cpp Bai07.cpp Bai08.cpp Bai09.cpp Bai10.cpp Bai11.cpp Bai12.cpp
         Bai12.cpp
         Bai11.cpp
         Bai10.cpp
         Bai09.cpp
         Bai08.cpp
         Bai07.cpp
         Bai06.cpp
         Bai05.cpp
         Bai04.cpp
         Bai03.cpp
         Bai02.cpp
         Bai01.cpp
         Generating Code...
       Link:
         C:\Program Files (x86)\Microsoft Visual Studio 10.0\VC\bin\link.exe /ERRORREPORT:PROMPT /OUT:"C:\Users\Admin\Desktop\bt\BTH_CHUONG_1\Debug\BTH_CHUONG_2.exe" /NOLOGO kernel32.lib user32.lib gdi32.lib winspool.lib comdlg32.lib advapi32.lib shell32.lib ole32.lib oleaut32.lib uuid.lib odbc32.lib odbccp32.lib /MANIFEST /ManifestFile:"Debug\BTH_CHUONG_2.exe.intermediate.manifest" /MANIFESTUAC:"level='asInvoker' uiAccess='false'" /DEBUG /PDB:"C:\Users\Admin\Desktop\bt\BTH_CHUONG_1\Debug\BTH_CHUONG_2.pdb" /TLBID:1 /DYNAMICBASE /NXCOMPAT /IMPLIB:"C:\Users\Admin\Desktop\bt\BTH_CHUONG_1\Debug\BTH_CHUONG_2.lib" /MACHINE:X86 Debug\Bai01.obj
         Debug\Bai02.obj
         Debug\Bai03.obj
         Debug\Bai04.obj
         Debug\Bai05.obj
         Debug\Bai06.obj
         Debug\Bai07.obj
         Debug\Bai08.obj
         Debug\Bai09.obj
         Debug\Bai10.obj
         Debug\Bai11.obj
         Debug\Bai12.obj
         LINK : C:\Users\Admin\Desktop\bt\BTH_CHUONG_1\Debug\BTH_CHUONG_2.exe not found or not built by the last incremental link; performing full link
     1>LINK : fatal error LNK1561: entry point must be defined
     1>Done Building Project "C:\Users\Admin\Desktop\bt\BTH_CHUONG_2\BTH_CHUONG_2.vcxproj" (build target(s)) -- FAILED.

Build FAILED.

Time Elapsed 00:00:02.03
